<?xml version="1.0" encoding="UTF-8"?>
<!-- Generated by org.testng.reporters.JUnitXMLReporter -->
<testsuite hostname="DESKTOP-7E2LVCT" ignored="0" name="TestNgMavenTest" tests="1" failures="1" timestamp="16 Nov 2018 18:02:38 GMT" time="18.616" errors="0">
  <testcase name="testSearchResults" time="14.026" classname="com.web.automation.tests.SearchTest">
    <failure type="java.lang.AssertionError" message="The following asserts failed:
	expected [true] but found [false],
	expected [true] but found [false],
	expected [true] but found [false],
	expected [true] but found [false],
	expected [true] but found [false],
	expected [true] but found [false],
	expected [true] but found [false],
	expected [true] but found [false],
	expected [true] but found [false],
	expected [true] but found [false],
	expected [true] but found [false],
	expected [true] but found [false],
	expected [true] but found [false],
	expected [true] but found [false],
	expected [true] but found [false],
	expected [true] but found [false],
	expected [true] but found [false]">
      <![CDATA[java.lang.AssertionError: The following asserts failed:
expected [true] but found [false],
expected [true] but found [false],
expected [true] but found [false],
expected [true] but found [false],
expected [true] but found [false],
expected [true] but found [false],
expected [true] but found [false],
expected [true] but found [false],
expected [true] but found [false],
expected [true] but found [false],
expected [true] but found [false],
expected [true] but found [false],
expected [true] but found [false],
expected [true] but found [false],
expected [true] but found [false],
expected [true] but found [false],
expected [true] but found [false]
at com.web.automation.ui.pages.SearchPage.assertWhetherAllTheSearchResultsContainShoesInDescription(SearchPage.java:53)
at com.web.automation.tests.SearchTest.testSearchResults(SearchTest.java:35)
... Removed 26 stack frames]]>
    </failure>
  </testcase> <!-- testSearchResults -->
</testsuite> <!-- TestNgMavenTest -->
